<?xml version="1.0" encoding="UTF-8"?>
<testng-results ignored="0" total="1" passed="1" failed="0" skipped="0">
  <reporter-output>
  </reporter-output>
  <suite started-at="2020-04-28T19:18:28 IST" name="Suite" finished-at="2020-04-28T19:18:43 IST" duration-ms="14337">
    <groups>
    </groups>
    <test started-at="2020-04-28T19:18:28 IST" name="Test" finished-at="2020-04-28T19:18:43 IST" duration-ms="14337">
      <class name="testAutomation.OpenBrowserGoogle">
        <test-method signature="OpenBrowser()[pri:0, instance:testAutomation.OpenBrowserGoogle@424e1977]" started-at="2020-04-28T19:18:28 IST" name="OpenBrowser" finished-at="2020-04-28T19:18:43 IST" duration-ms="14271" status="PASS">
          <reporter-output>
          </reporter-output>
        </test-method> <!-- OpenBrowser -->
      </class> <!-- testAutomation.OpenBrowserGoogle -->
    </test> <!-- Test -->
  </suite> <!-- Suite -->
</testng-results>
