<?xml version="1.0" encoding="UTF-8"?>
<testng-results ignored="0" total="1" passed="1" failed="0" skipped="0">
  <reporter-output>
  </reporter-output>
  <suite started-at="2020-04-28T19:09:28 IST" name="Default suite" finished-at="2020-04-28T19:09:47 IST" duration-ms="18699">
    <groups>
    </groups>
    <test started-at="2020-04-28T19:09:28 IST" name="Default test" finished-at="2020-04-28T19:09:47 IST" duration-ms="18699">
      <class name="OpenBrowserGoogle">
        <test-method signature="OpenBrowser()[pri:0, instance:OpenBrowserGoogle@5fa07e12]" started-at="2020-04-28T19:09:28 IST" name="OpenBrowser" finished-at="2020-04-28T19:09:46 IST" duration-ms="18583" status="PASS">
          <reporter-output>
          </reporter-output>
        </test-method> <!-- OpenBrowser -->
      </class> <!-- OpenBrowserGoogle -->
    </test> <!-- Default test -->
  </suite> <!-- Default suite -->
</testng-results>
